-- Install configuration: ""
-- Execute custom install script
-- Up-to-date symlink: /home/b/dev_ws/install/firefighting_robot/share/firefighting_robot/config/empty.yaml
-- Up-to-date symlink: /home/b/dev_ws/install/firefighting_robot/share/firefighting_robot/description/robot.urdf.xacro
-- Symlinking: /home/b/dev_ws/install/firefighting_robot/share/firefighting_robot/description/robot_core.xacro
-- Up-to-date symlink: /home/b/dev_ws/install/firefighting_robot/share/firefighting_robot/launch/rsp.launch.py
-- Up-to-date symlink: /home/b/dev_ws/install/firefighting_robot/share/firefighting_robot/worlds/empty.world
-- Up-to-date symlink: /home/b/dev_ws/install/firefighting_robot/share/ament_index/resource_index/package_run_dependencies/firefighting_robot
-- Up-to-date symlink: /home/b/dev_ws/install/firefighting_robot/share/ament_index/resource_index/parent_prefix_path/firefighting_robot
-- Up-to-date symlink: /home/b/dev_ws/install/firefighting_robot/share/firefighting_robot/environment/ament_prefix_path.sh
-- Up-to-date symlink: /home/b/dev_ws/install/firefighting_robot/share/firefighting_robot/environment/ament_prefix_path.dsv
-- Up-to-date symlink: /home/b/dev_ws/install/firefighting_robot/share/firefighting_robot/environment/path.sh
-- Up-to-date symlink: /home/b/dev_ws/install/firefighting_robot/share/firefighting_robot/environment/path.dsv
-- Up-to-date symlink: /home/b/dev_ws/install/firefighting_robot/share/firefighting_robot/local_setup.bash
-- Up-to-date symlink: /home/b/dev_ws/install/firefighting_robot/share/firefighting_robot/local_setup.sh
-- Up-to-date symlink: /home/b/dev_ws/install/firefighting_robot/share/firefighting_robot/local_setup.zsh
-- Up-to-date symlink: /home/b/dev_ws/install/firefighting_robot/share/firefighting_robot/local_setup.dsv
-- Symlinking: /home/b/dev_ws/install/firefighting_robot/share/firefighting_robot/package.dsv
-- Up-to-date symlink: /home/b/dev_ws/install/firefighting_robot/share/ament_index/resource_index/packages/firefighting_robot
-- Up-to-date symlink: /home/b/dev_ws/install/firefighting_robot/share/firefighting_robot/cmake/firefighting_robotConfig.cmake
-- Up-to-date symlink: /home/b/dev_ws/install/firefighting_robot/share/firefighting_robot/cmake/firefighting_robotConfig-version.cmake
-- Up-to-date symlink: /home/b/dev_ws/install/firefighting_robot/share/firefighting_robot/package.xml
