[0.052s] Invoking command in '/home/b/dev_ws/build/firefighting_robot': CMAKE_PREFIX_PATH=/opt/ros/humble /usr/bin/cmake /home/b/dev_ws/src/firefighting_robot -DAMENT_CMAKE_SYMLINK_INSTALL=1 -DCMAKE_INSTALL_PREFIX=/home/b/dev_ws/install/firefighting_robot
[0.254s] -- The C compiler identification is GNU 11.4.0
[0.396s] -- The CXX compiler identification is GNU 11.4.0
[0.407s] -- Detecting C compiler ABI info
[0.481s] -- Detecting C compiler ABI info - done
[0.487s] -- Check for working C compiler: /usr/bin/cc - skipped
[0.488s] -- Detecting C compile features
[0.489s] -- Detecting C compile features - done
[0.493s] -- Detecting CXX compiler ABI info
[0.561s] -- Detecting CXX compiler ABI info - done
[0.567s] -- Check for working CXX compiler: /usr/bin/c++ - skipped
[0.567s] -- Detecting CXX compile features
[0.568s] -- Detecting CXX compile features - done
[0.570s] -- Found ament_cmake: 1.3.5 (/opt/ros/humble/share/ament_cmake/cmake)
[0.696s] -- Found Python3: /usr/bin/python3.10 (found version "3.10.12") found components: Interpreter 
[0.746s] -- Override CMake install command with custom implementation using symlinks instead of copying resources
[0.764s] -- Found ament_lint_auto: 0.12.8 (/opt/ros/humble/share/ament_lint_auto/cmake)
[0.821s] -- Added test 'copyright' to check source files copyright and LICENSE
[0.826s] -- Added test 'flake8' to check Python code syntax and style conventions
[0.827s] -- Added test 'lint_cmake' to check CMake code style
[0.828s] -- Added test 'pep257' to check Python code against some of the docstring style conventions in PEP 257
[0.838s] -- Added test 'xmllint' to check XML markup files
[0.838s] -- Configuring done
[0.838s] -- Generating done
[0.838s] -- Build files have been written to: /home/b/dev_ws/build/firefighting_robot
[0.840s] Invoked command in '/home/b/dev_ws/build/firefighting_robot' returned '0': CMAKE_PREFIX_PATH=/opt/ros/humble /usr/bin/cmake /home/b/dev_ws/src/firefighting_robot -DAMENT_CMAKE_SYMLINK_INSTALL=1 -DCMAKE_INSTALL_PREFIX=/home/b/dev_ws/install/firefighting_robot
[0.840s] Invoking command in '/home/b/dev_ws/build/firefighting_robot': CMAKE_PREFIX_PATH=/opt/ros/humble /usr/bin/cmake --build /home/b/dev_ws/build/firefighting_robot -- -j2 -l2
[0.873s] Invoked command in '/home/b/dev_ws/build/firefighting_robot' returned '0': CMAKE_PREFIX_PATH=/opt/ros/humble /usr/bin/cmake --build /home/b/dev_ws/build/firefighting_robot -- -j2 -l2
[0.897s] Invoking command in '/home/b/dev_ws/build/firefighting_robot': CMAKE_PREFIX_PATH=/opt/ros/humble /usr/bin/cmake --install /home/b/dev_ws/build/firefighting_robot
[0.903s] -- Install configuration: ""
[0.904s] -- Execute custom install script
[0.904s] -- Symlinking: /home/b/dev_ws/install/firefighting_robot/share/firefighting_robot/config/empty.yaml
[0.912s] -- Symlinking: /home/b/dev_ws/install/firefighting_robot/share/firefighting_robot/description/robot.urdf.xacro
[0.919s] -- Symlinking: /home/b/dev_ws/install/firefighting_robot/share/firefighting_robot/launch/rsp.launch.py
[0.925s] -- Symlinking: /home/b/dev_ws/install/firefighting_robot/share/firefighting_robot/worlds/empty.world
[0.932s] -- Symlinking: /home/b/dev_ws/install/firefighting_robot/share/ament_index/resource_index/package_run_dependencies/firefighting_robot
[0.943s] -- Symlinking: /home/b/dev_ws/install/firefighting_robot/share/ament_index/resource_index/parent_prefix_path/firefighting_robot
[0.952s] -- Symlinking: /home/b/dev_ws/install/firefighting_robot/share/firefighting_robot/environment/ament_prefix_path.sh
[0.959s] -- Symlinking: /home/b/dev_ws/install/firefighting_robot/share/firefighting_robot/environment/ament_prefix_path.dsv
[0.966s] -- Symlinking: /home/b/dev_ws/install/firefighting_robot/share/firefighting_robot/environment/path.sh
[0.973s] -- Symlinking: /home/b/dev_ws/install/firefighting_robot/share/firefighting_robot/environment/path.dsv
[0.980s] -- Symlinking: /home/b/dev_ws/install/firefighting_robot/share/firefighting_robot/local_setup.bash
[0.987s] -- Symlinking: /home/b/dev_ws/install/firefighting_robot/share/firefighting_robot/local_setup.sh
[0.993s] -- Symlinking: /home/b/dev_ws/install/firefighting_robot/share/firefighting_robot/local_setup.zsh
[1.000s] -- Symlinking: /home/b/dev_ws/install/firefighting_robot/share/firefighting_robot/local_setup.dsv
[1.007s] -- Symlinking: /home/b/dev_ws/install/firefighting_robot/share/firefighting_robot/package.dsv
[1.014s] -- Symlinking: /home/b/dev_ws/install/firefighting_robot/share/ament_index/resource_index/packages/firefighting_robot
[1.021s] -- Symlinking: /home/b/dev_ws/install/firefighting_robot/share/firefighting_robot/cmake/firefighting_robotConfig.cmake
[1.028s] -- Symlinking: /home/b/dev_ws/install/firefighting_robot/share/firefighting_robot/cmake/firefighting_robotConfig-version.cmake
[1.037s] -- Symlinking: /home/b/dev_ws/install/firefighting_robot/share/firefighting_robot/package.xml
[1.049s] Invoked command in '/home/b/dev_ws/build/firefighting_robot' returned '0': CMAKE_PREFIX_PATH=/opt/ros/humble /usr/bin/cmake --install /home/b/dev_ws/build/firefighting_robot
