[0.822s] DEBUG:colcon:Command line arguments: ['/usr/bin/colcon', 'build', '--symlink-install']
[0.823s] DEBUG:colcon:Parsed command line arguments: Namespace(log_base=None, log_level=None, verb_name='build', build_base='build', install_base='install', merge_install=False, symlink_install=True, test_result_base=None, continue_on_error=False, executor='parallel', parallel_workers=2, event_handlers=None, ignore_user_meta=False, metas=['./colcon.meta'], base_paths=['.'], packages_ignore=None, packages_ignore_regex=None, paths=None, packages_up_to=None, packages_up_to_regex=None, packages_above=None, packages_above_and_dependencies=None, packages_above_depth=None, packages_select_by_dep=None, packages_skip_by_dep=None, packages_skip_up_to=None, packages_select_build_failed=False, packages_skip_build_finished=False, packages_select_test_failures=False, packages_skip_test_passed=False, packages_select=None, packages_skip=None, packages_select_regex=None, packages_skip_regex=None, packages_start=None, packages_end=None, allow_overriding=[], cmake_args=None, cmake_target=None, cmake_target_skip_unavailable=False, cmake_clean_cache=False, cmake_clean_first=False, cmake_force_configure=False, ament_cmake_args=None, catkin_cmake_args=None, catkin_skip_building_tests=False, verb_parser=<colcon_defaults.argument_parser.defaults.DefaultArgumentsDecorator object at 0x7fae0a6f9f90>, verb_extension=<colcon_core.verb.build.BuildVerb object at 0x7fae0a9c6d70>, main=<bound method BuildVerb.main of <colcon_core.verb.build.BuildVerb object at 0x7fae0a9c6d70>>)
[0.859s] Level 1:colcon.colcon_core.package_discovery:discover_packages(colcon_meta) check parameters
[0.859s] Level 1:colcon.colcon_core.package_discovery:discover_packages(recursive) check parameters
[0.859s] Level 1:colcon.colcon_core.package_discovery:discover_packages(ignore) check parameters
[0.859s] Level 1:colcon.colcon_core.package_discovery:discover_packages(path) check parameters
[0.859s] Level 1:colcon.colcon_core.package_discovery:discover_packages(colcon_meta) discover
[0.859s] Level 1:colcon.colcon_core.package_discovery:discover_packages(recursive) discover
[0.859s] INFO:colcon.colcon_core.package_discovery:Crawling recursively for packages in '/home/b/dev_ws/src/firefighting_robot'
[0.859s] Level 1:colcon.colcon_core.package_identification:_identify(.) by extensions ['ignore', 'ignore_ament_install']
[0.859s] Level 1:colcon.colcon_core.package_identification:_identify(.) by extension 'ignore'
[0.859s] Level 1:colcon.colcon_core.package_identification:_identify(.) by extension 'ignore_ament_install'
[0.859s] Level 1:colcon.colcon_core.package_identification:_identify(.) by extensions ['colcon_pkg']
[0.860s] Level 1:colcon.colcon_core.package_identification:_identify(.) by extension 'colcon_pkg'
[0.860s] Level 1:colcon.colcon_core.package_identification:_identify(.) by extensions ['colcon_meta']
[0.860s] Level 1:colcon.colcon_core.package_identification:_identify(.) by extension 'colcon_meta'
[0.860s] Level 1:colcon.colcon_core.package_identification:_identify(.) by extensions ['ros']
[0.860s] Level 1:colcon.colcon_core.package_identification:_identify(.) by extension 'ros'
[0.869s] DEBUG:colcon.colcon_core.package_identification:Package '.' with type 'ros.ament_cmake' and name 'firefighting_robot'
[0.870s] Level 1:colcon.colcon_core.package_discovery:discover_packages(recursive) using defaults
[0.870s] Level 1:colcon.colcon_core.package_discovery:discover_packages(ignore) discover
[0.870s] Level 1:colcon.colcon_core.package_discovery:discover_packages(ignore) using defaults
[0.870s] Level 1:colcon.colcon_core.package_discovery:discover_packages(path) discover
[0.870s] Level 1:colcon.colcon_core.package_discovery:discover_packages(path) using defaults
[0.942s] Level 1:colcon.colcon_core.package_discovery:discover_packages(prefix_path) check parameters
[0.942s] Level 1:colcon.colcon_core.package_discovery:discover_packages(prefix_path) discover
[0.966s] DEBUG:colcon.colcon_installed_package_information.package_discovery:Found 9 installed packages in /home/b/dev_ws/install
[0.978s] DEBUG:colcon.colcon_installed_package_information.package_discovery:Found 2 installed packages in /home/b/course_ws/install
[0.990s] DEBUG:colcon.colcon_installed_package_information.package_discovery:Found 319 installed packages in /opt/ros/humble
[0.991s] Level 1:colcon.colcon_core.package_discovery:discover_packages(prefix_path) using defaults
[1.065s] Level 5:colcon.colcon_core.verb:set package 'firefighting_robot' build argument 'cmake_args' from command line to 'None'
[1.066s] Level 5:colcon.colcon_core.verb:set package 'firefighting_robot' build argument 'cmake_target' from command line to 'None'
[1.066s] Level 5:colcon.colcon_core.verb:set package 'firefighting_robot' build argument 'cmake_target_skip_unavailable' from command line to 'False'
[1.066s] Level 5:colcon.colcon_core.verb:set package 'firefighting_robot' build argument 'cmake_clean_cache' from command line to 'False'
[1.066s] Level 5:colcon.colcon_core.verb:set package 'firefighting_robot' build argument 'cmake_clean_first' from command line to 'False'
[1.066s] Level 5:colcon.colcon_core.verb:set package 'firefighting_robot' build argument 'cmake_force_configure' from command line to 'False'
[1.066s] Level 5:colcon.colcon_core.verb:set package 'firefighting_robot' build argument 'ament_cmake_args' from command line to 'None'
[1.066s] Level 5:colcon.colcon_core.verb:set package 'firefighting_robot' build argument 'catkin_cmake_args' from command line to 'None'
[1.066s] Level 5:colcon.colcon_core.verb:set package 'firefighting_robot' build argument 'catkin_skip_building_tests' from command line to 'False'
[1.066s] DEBUG:colcon.colcon_core.verb:Building package 'firefighting_robot' with the following arguments: {'ament_cmake_args': None, 'build_base': '/home/b/dev_ws/src/firefighting_robot/build/firefighting_robot', 'catkin_cmake_args': None, 'catkin_skip_building_tests': False, 'cmake_args': None, 'cmake_clean_cache': False, 'cmake_clean_first': False, 'cmake_force_configure': False, 'cmake_target': None, 'cmake_target_skip_unavailable': False, 'install_base': '/home/b/dev_ws/src/firefighting_robot/install/firefighting_robot', 'merge_install': False, 'path': '/home/b/dev_ws/src/firefighting_robot', 'symlink_install': True, 'test_result_base': None}
[1.077s] INFO:colcon.colcon_core.executor:Executing jobs using 'parallel' executor
[1.089s] DEBUG:colcon.colcon_parallel_executor.executor.parallel:run_until_complete
[1.090s] INFO:colcon.colcon_ros.task.ament_cmake.build:Building ROS package in '/home/b/dev_ws/src/firefighting_robot' with build type 'ament_cmake'
[1.090s] INFO:colcon.colcon_cmake.task.cmake.build:Building CMake package in '/home/b/dev_ws/src/firefighting_robot'
[1.103s] INFO:colcon.colcon_core.plugin_system:Skipping extension 'colcon_core.shell.bat': Not used on non-Windows systems
[1.103s] INFO:colcon.colcon_core.shell:Skip shell extension 'powershell' for command environment: Not usable outside of PowerShell
[1.103s] DEBUG:colcon.colcon_core.shell:Skip shell extension 'dsv' for command environment
[1.158s] DEBUG:colcon.colcon_core.event_handler.log_command:Invoking command in '/home/b/dev_ws/src/firefighting_robot/build/firefighting_robot': CMAKE_PREFIX_PATH=${CMAKE_PREFIX_PATH}:/home/b/dev_ws/install/serial_motor_demo:/home/b/course_ws/install/my_py_pkg:/opt/ros/humble /usr/bin/cmake --build /home/b/dev_ws/src/firefighting_robot/build/firefighting_robot -- -j2 -l2
[1.526s] DEBUG:colcon.colcon_core.event_handler.log_command:Invoked command in '/home/b/dev_ws/src/firefighting_robot/build/firefighting_robot' returned '0': CMAKE_PREFIX_PATH=${CMAKE_PREFIX_PATH}:/home/b/dev_ws/install/serial_motor_demo:/home/b/course_ws/install/my_py_pkg:/opt/ros/humble /usr/bin/cmake --build /home/b/dev_ws/src/firefighting_robot/build/firefighting_robot -- -j2 -l2
[1.556s] DEBUG:colcon.colcon_core.event_handler.log_command:Invoking command in '/home/b/dev_ws/src/firefighting_robot/build/firefighting_robot': CMAKE_PREFIX_PATH=${CMAKE_PREFIX_PATH}:/home/b/dev_ws/install/serial_motor_demo:/home/b/course_ws/install/my_py_pkg:/opt/ros/humble /usr/bin/cmake --install /home/b/dev_ws/src/firefighting_robot/build/firefighting_robot
[1.591s] Level 1:colcon.colcon_core.environment:create_environment_scripts_only(firefighting_robot)
[1.596s] DEBUG:colcon.colcon_core.event_handler.log_command:Invoked command in '/home/b/dev_ws/src/firefighting_robot/build/firefighting_robot' returned '0': CMAKE_PREFIX_PATH=${CMAKE_PREFIX_PATH}:/home/b/dev_ws/install/serial_motor_demo:/home/b/course_ws/install/my_py_pkg:/opt/ros/humble /usr/bin/cmake --install /home/b/dev_ws/src/firefighting_robot/build/firefighting_robot
[1.605s] Level 1:colcon.colcon_core.environment:checking '/home/b/dev_ws/src/firefighting_robot/install/firefighting_robot' for CMake module files
[1.605s] Level 1:colcon.colcon_core.environment:checking '/home/b/dev_ws/src/firefighting_robot/install/firefighting_robot' for CMake config files
[1.606s] Level 1:colcon.colcon_core.shell:create_environment_hook('firefighting_robot', 'cmake_prefix_path')
[1.626s] INFO:colcon.colcon_core.shell:Creating environment hook '/home/b/dev_ws/src/firefighting_robot/install/firefighting_robot/share/firefighting_robot/hook/cmake_prefix_path.ps1'
[1.627s] INFO:colcon.colcon_core.shell:Creating environment descriptor '/home/b/dev_ws/src/firefighting_robot/install/firefighting_robot/share/firefighting_robot/hook/cmake_prefix_path.dsv'
[1.628s] INFO:colcon.colcon_core.shell:Creating environment hook '/home/b/dev_ws/src/firefighting_robot/install/firefighting_robot/share/firefighting_robot/hook/cmake_prefix_path.sh'
[1.628s] Level 1:colcon.colcon_core.environment:checking '/home/b/dev_ws/src/firefighting_robot/install/firefighting_robot/bin'
[1.628s] Level 1:colcon.colcon_core.environment:checking '/home/b/dev_ws/src/firefighting_robot/install/firefighting_robot/lib/pkgconfig/firefighting_robot.pc'
[1.629s] Level 1:colcon.colcon_core.environment:checking '/home/b/dev_ws/src/firefighting_robot/install/firefighting_robot/lib/python3.10/site-packages'
[1.629s] Level 1:colcon.colcon_core.environment:checking '/home/b/dev_ws/src/firefighting_robot/install/firefighting_robot/bin'
[1.641s] INFO:colcon.colcon_core.shell:Creating package script '/home/b/dev_ws/src/firefighting_robot/install/firefighting_robot/share/firefighting_robot/package.ps1'
[1.642s] INFO:colcon.colcon_core.shell:Creating package descriptor '/home/b/dev_ws/src/firefighting_robot/install/firefighting_robot/share/firefighting_robot/package.dsv'
[1.643s] INFO:colcon.colcon_core.shell:Creating package script '/home/b/dev_ws/src/firefighting_robot/install/firefighting_robot/share/firefighting_robot/package.sh'
[1.644s] INFO:colcon.colcon_core.shell:Creating package script '/home/b/dev_ws/src/firefighting_robot/install/firefighting_robot/share/firefighting_robot/package.bash'
[1.645s] INFO:colcon.colcon_core.shell:Creating package script '/home/b/dev_ws/src/firefighting_robot/install/firefighting_robot/share/firefighting_robot/package.zsh'
[1.646s] Level 1:colcon.colcon_core.environment:create_file_with_runtime_dependencies(/home/b/dev_ws/src/firefighting_robot/install/firefighting_robot/share/colcon-core/packages/firefighting_robot)
[1.675s] Level 1:colcon.colcon_core.environment:create_environment_scripts_only(firefighting_robot)
[1.687s] Level 1:colcon.colcon_core.environment:checking '/home/b/dev_ws/src/firefighting_robot/install/firefighting_robot' for CMake module files
[1.687s] Level 1:colcon.colcon_core.environment:checking '/home/b/dev_ws/src/firefighting_robot/install/firefighting_robot' for CMake config files
[1.688s] Level 1:colcon.colcon_core.shell:create_environment_hook('firefighting_robot', 'cmake_prefix_path')
[1.699s] INFO:colcon.colcon_core.shell:Creating environment hook '/home/b/dev_ws/src/firefighting_robot/install/firefighting_robot/share/firefighting_robot/hook/cmake_prefix_path.ps1'
[1.700s] INFO:colcon.colcon_core.shell:Creating environment descriptor '/home/b/dev_ws/src/firefighting_robot/install/firefighting_robot/share/firefighting_robot/hook/cmake_prefix_path.dsv'
[1.701s] INFO:colcon.colcon_core.shell:Creating environment hook '/home/b/dev_ws/src/firefighting_robot/install/firefighting_robot/share/firefighting_robot/hook/cmake_prefix_path.sh'
[1.702s] Level 1:colcon.colcon_core.environment:checking '/home/b/dev_ws/src/firefighting_robot/install/firefighting_robot/bin'
[1.702s] Level 1:colcon.colcon_core.environment:checking '/home/b/dev_ws/src/firefighting_robot/install/firefighting_robot/lib/pkgconfig/firefighting_robot.pc'
[1.702s] Level 1:colcon.colcon_core.environment:checking '/home/b/dev_ws/src/firefighting_robot/install/firefighting_robot/lib/python3.10/site-packages'
[1.702s] Level 1:colcon.colcon_core.environment:checking '/home/b/dev_ws/src/firefighting_robot/install/firefighting_robot/bin'
[1.714s] INFO:colcon.colcon_core.shell:Creating package script '/home/b/dev_ws/src/firefighting_robot/install/firefighting_robot/share/firefighting_robot/package.ps1'
[1.715s] INFO:colcon.colcon_core.shell:Creating package descriptor '/home/b/dev_ws/src/firefighting_robot/install/firefighting_robot/share/firefighting_robot/package.dsv'
[1.716s] INFO:colcon.colcon_core.shell:Creating package script '/home/b/dev_ws/src/firefighting_robot/install/firefighting_robot/share/firefighting_robot/package.sh'
[1.716s] INFO:colcon.colcon_core.shell:Creating package script '/home/b/dev_ws/src/firefighting_robot/install/firefighting_robot/share/firefighting_robot/package.bash'
[1.717s] INFO:colcon.colcon_core.shell:Creating package script '/home/b/dev_ws/src/firefighting_robot/install/firefighting_robot/share/firefighting_robot/package.zsh'
[1.718s] Level 1:colcon.colcon_core.environment:create_file_with_runtime_dependencies(/home/b/dev_ws/src/firefighting_robot/install/firefighting_robot/share/colcon-core/packages/firefighting_robot)
[1.719s] DEBUG:colcon.colcon_parallel_executor.executor.parallel:closing loop
[1.719s] DEBUG:colcon.colcon_parallel_executor.executor.parallel:loop closed
[1.719s] DEBUG:colcon.colcon_parallel_executor.executor.parallel:run_until_complete finished with '0'
[1.719s] DEBUG:colcon.colcon_core.event_reactor:joining thread
[1.735s] INFO:colcon.colcon_core.plugin_system:Skipping extension 'colcon_notification.desktop_notification.terminal_notifier': Not used on non-Darwin systems
[1.736s] INFO:colcon.colcon_core.plugin_system:Skipping extension 'colcon_notification.desktop_notification.win32': Not used on non-Windows systems
[1.736s] INFO:colcon.colcon_notification.desktop_notification:Sending desktop notification using 'notify2'
[1.748s] DEBUG:colcon.colcon_core.event_reactor:joined thread
[1.761s] INFO:colcon.colcon_core.shell:Creating prefix script '/home/b/dev_ws/src/firefighting_robot/install/local_setup.ps1'
[1.762s] INFO:colcon.colcon_core.shell:Creating prefix util module '/home/b/dev_ws/src/firefighting_robot/install/_local_setup_util_ps1.py'
[1.763s] INFO:colcon.colcon_core.shell:Creating prefix chain script '/home/b/dev_ws/src/firefighting_robot/install/setup.ps1'
[1.776s] INFO:colcon.colcon_core.shell:Creating prefix script '/home/b/dev_ws/src/firefighting_robot/install/local_setup.sh'
[1.777s] INFO:colcon.colcon_core.shell:Creating prefix util module '/home/b/dev_ws/src/firefighting_robot/install/_local_setup_util_sh.py'
[1.778s] INFO:colcon.colcon_core.shell:Creating prefix chain script '/home/b/dev_ws/src/firefighting_robot/install/setup.sh'
[1.790s] INFO:colcon.colcon_core.shell:Creating prefix script '/home/b/dev_ws/src/firefighting_robot/install/local_setup.bash'
[1.791s] INFO:colcon.colcon_core.shell:Creating prefix chain script '/home/b/dev_ws/src/firefighting_robot/install/setup.bash'
[1.804s] INFO:colcon.colcon_core.shell:Creating prefix script '/home/b/dev_ws/src/firefighting_robot/install/local_setup.zsh'
[1.804s] INFO:colcon.colcon_core.shell:Creating prefix chain script '/home/b/dev_ws/src/firefighting_robot/install/setup.zsh'
