[0mCMake Error: The current CMakeCache.txt directory /home/b/dev_ws/src/firefighting_robot/build/firefighting_robot/CMakeCache.txt is different than the directory /home/b/dev_ws/build/firefighting_robot where CMakeCache.txt was created. This may result in binaries being created in the wrong place. If you are not sure, reedit the CMakeCache.txt[0m
-- Found ament_cmake: 1.3.6 (/opt/ros/humble/share/ament_cmake/cmake)
-- Override CMake install command with custom implementation using symlinks instead of copying resources
-- Found ament_lint_auto: 0.12.9 (/opt/ros/humble/share/ament_lint_auto/cmake)
-- Added test 'copyright' to check source files copyright and LICENSE
-- Added test 'cppcheck' to perform static code analysis on C / C++ code
-- Configured cppcheck include dirs: 
-- Configured cppcheck exclude dirs and/or files: 
-- Added test 'cpplint' to check C / C++ code against the Google style
-- Configured cpplint exclude dirs and/or files: 
-- Added test 'flake8' to check Python code syntax and style conventions
-- Added test 'lint_cmake' to check CMake code style
-- Added test 'pep257' to check Python code against some of the docstring style conventions in PEP 257
-- Added test 'uncrustify' to check C / C++ code style
-- Configured uncrustify additional arguments: 
-- Added test 'xmllint' to check XML markup files
-- Configuring done
-- Generating done
-- Build files have been written to: /home/b/dev_ws/build/firefighting_robot
-- Install configuration: ""
-- Execute custom install script
-- Up-to-date symlink: /home/b/dev_ws/install/firefighting_robot/share/firefighting_robot/launch/controller_manager.launch.py
-- Up-to-date symlink: /home/b/dev_ws/install/firefighting_robot/share/firefighting_robot/launch/launch_robot.launch.py
-- Up-to-date symlink: /home/b/dev_ws/install/firefighting_robot/share/firefighting_robot/launch/launch_sim.launch.py
-- Up-to-date symlink: /home/b/dev_ws/install/firefighting_robot/share/firefighting_robot/launch/rsp.launch.py
-- Up-to-date symlink: /home/b/dev_ws/install/firefighting_robot/share/firefighting_robot/meshes/back_left_wheel.STL
-- Up-to-date symlink: /home/b/dev_ws/install/firefighting_robot/share/firefighting_robot/meshes/back_right_wheel.STL
-- Up-to-date symlink: /home/b/dev_ws/install/firefighting_robot/share/firefighting_robot/meshes/base_link.STL
-- Up-to-date symlink: /home/b/dev_ws/install/firefighting_robot/share/firefighting_robot/meshes/front_left_wheel.STL
-- Up-to-date symlink: /home/b/dev_ws/install/firefighting_robot/share/firefighting_robot/meshes/front_right_wheel.STL
-- Up-to-date symlink: /home/b/dev_ws/install/firefighting_robot/share/firefighting_robot/config/drive_bot.rviz
-- Up-to-date symlink: /home/b/dev_ws/install/firefighting_robot/share/firefighting_robot/config/empty.yaml
-- Symlinking: /home/b/dev_ws/install/firefighting_robot/share/firefighting_robot/config/gazebo_params.yaml
-- Up-to-date symlink: /home/b/dev_ws/install/firefighting_robot/share/firefighting_robot/config/my_controllers.yaml
-- Up-to-date symlink: /home/b/dev_ws/install/firefighting_robot/share/firefighting_robot/config/view_bot.rviz
-- Up-to-date symlink: /home/b/dev_ws/install/firefighting_robot/share/firefighting_robot/description/gazebo_control.xacro
-- Up-to-date symlink: /home/b/dev_ws/install/firefighting_robot/share/firefighting_robot/description/inertial_macros.xacro
-- Up-to-date symlink: /home/b/dev_ws/install/firefighting_robot/share/firefighting_robot/description/lidar.xacro
-- Up-to-date symlink: /home/b/dev_ws/install/firefighting_robot/share/firefighting_robot/description/material.xacro
-- Up-to-date symlink: /home/b/dev_ws/install/firefighting_robot/share/firefighting_robot/description/robot.urdf.xacro
-- Up-to-date symlink: /home/b/dev_ws/install/firefighting_robot/share/firefighting_robot/description/robot2.xacro
-- Up-to-date symlink: /home/b/dev_ws/install/firefighting_robot/share/firefighting_robot/description/robot_core.xacro
-- Up-to-date symlink: /home/b/dev_ws/install/firefighting_robot/share/firefighting_robot/description/ros2_control.xacro
-- Up-to-date symlink: /home/b/dev_ws/install/firefighting_robot/share/firefighting_robot/launch/controller_manager.launch.py
-- Up-to-date symlink: /home/b/dev_ws/install/firefighting_robot/share/firefighting_robot/launch/launch_robot.launch.py
-- Up-to-date symlink: /home/b/dev_ws/install/firefighting_robot/share/firefighting_robot/launch/launch_sim.launch.py
-- Up-to-date symlink: /home/b/dev_ws/install/firefighting_robot/share/firefighting_robot/launch/rsp.launch.py
-- Up-to-date symlink: /home/b/dev_ws/install/firefighting_robot/share/firefighting_robot/worlds/empty.world
-- Up-to-date symlink: /home/b/dev_ws/install/firefighting_robot/share/firefighting_robot/worlds/obstacles.world
-- Up-to-date symlink: /home/b/dev_ws/install/firefighting_robot/share/ament_index/resource_index/package_run_dependencies/firefighting_robot
-- Up-to-date symlink: /home/b/dev_ws/install/firefighting_robot/share/ament_index/resource_index/parent_prefix_path/firefighting_robot
-- Up-to-date symlink: /home/b/dev_ws/install/firefighting_robot/share/firefighting_robot/environment/ament_prefix_path.sh
-- Up-to-date symlink: /home/b/dev_ws/install/firefighting_robot/share/firefighting_robot/environment/ament_prefix_path.dsv
-- Up-to-date symlink: /home/b/dev_ws/install/firefighting_robot/share/firefighting_robot/environment/path.sh
-- Up-to-date symlink: /home/b/dev_ws/install/firefighting_robot/share/firefighting_robot/environment/path.dsv
-- Up-to-date symlink: /home/b/dev_ws/install/firefighting_robot/share/firefighting_robot/local_setup.bash
-- Up-to-date symlink: /home/b/dev_ws/install/firefighting_robot/share/firefighting_robot/local_setup.sh
-- Up-to-date symlink: /home/b/dev_ws/install/firefighting_robot/share/firefighting_robot/local_setup.zsh
-- Up-to-date symlink: /home/b/dev_ws/install/firefighting_robot/share/firefighting_robot/local_setup.dsv
-- Symlinking: /home/b/dev_ws/install/firefighting_robot/share/firefighting_robot/package.dsv
-- Up-to-date symlink: /home/b/dev_ws/install/firefighting_robot/share/ament_index/resource_index/packages/firefighting_robot
-- Up-to-date symlink: /home/b/dev_ws/install/firefighting_robot/share/firefighting_robot/cmake/firefighting_robotConfig.cmake
-- Up-to-date symlink: /home/b/dev_ws/install/firefighting_robot/share/firefighting_robot/cmake/firefighting_robotConfig-version.cmake
-- Up-to-date symlink: /home/b/dev_ws/install/firefighting_robot/share/firefighting_robot/package.xml
