[0.056s] Invoking command in '/home/b/dev_ws/build/firefighting_robot': CMAKE_PREFIX_PATH=${CMAKE_PREFIX_PATH}:/opt/ros/humble /usr/bin/cmake --build /home/b/dev_ws/build/firefighting_robot -- -j2 -l2
[0.089s] Invoked command in '/home/b/dev_ws/build/firefighting_robot' returned '0': CMAKE_PREFIX_PATH=${CMAKE_PREFIX_PATH}:/opt/ros/humble /usr/bin/cmake --build /home/b/dev_ws/build/firefighting_robot -- -j2 -l2
[0.118s] Invoking command in '/home/b/dev_ws/build/firefighting_robot': CMAKE_PREFIX_PATH=${CMAKE_PREFIX_PATH}:/opt/ros/humble /usr/bin/cmake --install /home/b/dev_ws/build/firefighting_robot
[0.130s] -- Install configuration: ""
[0.131s] -- Execute custom install script
[0.131s] -- Up-to-date symlink: /home/b/dev_ws/install/firefighting_robot/share/firefighting_robot/config/empty.yaml
[0.131s] -- Up-to-date symlink: /home/b/dev_ws/install/firefighting_robot/share/firefighting_robot/description/robot.urdf.xacro
[0.131s] -- Up-to-date symlink: /home/b/dev_ws/install/firefighting_robot/share/firefighting_robot/description/robot_core.xacro
[0.131s] -- Up-to-date symlink: /home/b/dev_ws/install/firefighting_robot/share/firefighting_robot/launch/rsp.launch.py
[0.131s] -- Up-to-date symlink: /home/b/dev_ws/install/firefighting_robot/share/firefighting_robot/worlds/empty.world
[0.131s] -- Up-to-date symlink: /home/b/dev_ws/install/firefighting_robot/share/ament_index/resource_index/package_run_dependencies/firefighting_robot
[0.131s] -- Up-to-date symlink: /home/b/dev_ws/install/firefighting_robot/share/ament_index/resource_index/parent_prefix_path/firefighting_robot
[0.131s] -- Up-to-date symlink: /home/b/dev_ws/install/firefighting_robot/share/firefighting_robot/environment/ament_prefix_path.sh
[0.131s] -- Up-to-date symlink: /home/b/dev_ws/install/firefighting_robot/share/firefighting_robot/environment/ament_prefix_path.dsv
[0.131s] -- Up-to-date symlink: /home/b/dev_ws/install/firefighting_robot/share/firefighting_robot/environment/path.sh
[0.131s] -- Up-to-date symlink: /home/b/dev_ws/install/firefighting_robot/share/firefighting_robot/environment/path.dsv
[0.131s] -- Up-to-date symlink: /home/b/dev_ws/install/firefighting_robot/share/firefighting_robot/local_setup.bash
[0.131s] -- Up-to-date symlink: /home/b/dev_ws/install/firefighting_robot/share/firefighting_robot/local_setup.sh
[0.131s] -- Up-to-date symlink: /home/b/dev_ws/install/firefighting_robot/share/firefighting_robot/local_setup.zsh
[0.131s] -- Up-to-date symlink: /home/b/dev_ws/install/firefighting_robot/share/firefighting_robot/local_setup.dsv
[0.141s] -- Symlinking: /home/b/dev_ws/install/firefighting_robot/share/firefighting_robot/package.dsv
[0.144s] -- Up-to-date symlink: /home/b/dev_ws/install/firefighting_robot/share/ament_index/resource_index/packages/firefighting_robot
[0.145s] -- Up-to-date symlink: /home/b/dev_ws/install/firefighting_robot/share/firefighting_robot/cmake/firefighting_robotConfig.cmake
[0.145s] -- Up-to-date symlink: /home/b/dev_ws/install/firefighting_robot/share/firefighting_robot/cmake/firefighting_robotConfig-version.cmake
[0.147s] -- Up-to-date symlink: /home/b/dev_ws/install/firefighting_robot/share/firefighting_robot/package.xml
[0.149s] Invoked command in '/home/b/dev_ws/build/firefighting_robot' returned '0': CMAKE_PREFIX_PATH=${CMAKE_PREFIX_PATH}:/opt/ros/humble /usr/bin/cmake --install /home/b/dev_ws/build/firefighting_robot
